0 info it worked if it ends with ok
1 verbose cli [ 'C:\\Program Files\\nodejs\\node.exe',
1 verbose cli   'C:\\Program Files\\nodejs\\node_modules\\npm\\bin\\npm-cli.js',
1 verbose cli   'run',
1 verbose cli   'test' ]
2 info using npm@3.9.3
3 info using node@v6.2.1
4 verbose run-script [ 'pretest', 'test', 'posttest' ]
5 info lifecycle github-original-streak@0.9.0~pretest: github-original-streak@0.9.0
6 silly lifecycle github-original-streak@0.9.0~pretest: no script for pretest, continuing
7 info lifecycle github-original-streak@0.9.0~test: github-original-streak@0.9.0
8 verbose lifecycle github-original-streak@0.9.0~test: unsafe-perm in lifecycle true
9 verbose lifecycle github-original-streak@0.9.0~test: PATH: C:\Program Files\nodejs\node_modules\npm\bin\node-gyp-bin;C:\Users\maria\Documents\GitHub\GithubOriginalStreak\node_modules\.bin;C:\Program Files\nodejs;C:\Users\maria\AppData\Local\GitHub\PortableGit_d76a6a98c9315931ec4927243517bc09e9b731a0\cmd;C:\Users\maria\AppData\Local\GitHub\PortableGit_d76a6a98c9315931ec4927243517bc09e9b731a0\usr\bin;C:\Users\maria\AppData\Local\GitHub\PortableGit_d76a6a98c9315931ec4927243517bc09e9b731a0\usr\share\git-tfs;C:\Users\maria\AppData\Local\Apps\2.0\WJX09V42.E1P\M2BJE6OV.12N\gith..tion_317444273a93ac29_0003.0001_cbe40ecbe3e419d4;C:\Users\maria\AppData\Local\GitHub\lfs-amd64_1.2.0;C:\Program Files\ImageMagick-7.0.1-Q16;C:\Program Files (x86)\NVIDIA Corporation\PhysX\Common;C:\WINDOWS\system32;C:\WINDOWS;C:\WINDOWS\System32\Wbem;C:\WINDOWS\System32\WindowsPowerShell\v1.0\;C:\Users\maria\AppData\Local\.meteor\;C:\Users\maria\Downloads\PortableGit\usr\bin;C:\Users\maria\AppData\Local\Programs\Python\Python35-32;C:\Users\maria\AppData\Local\Programs\Python\Python35-32\Scripts;C:\Program Files (x86)\Heroku\bin;C:\Program Files (x86)\git\cmd;C:\Program Files (x86)\Git\cmd;C:\Program Files (x86)\GNU\GnuPG\pub;C:\Program Files\TDM GCC\bin;C:\Program Files (x86)\Gow\bin;C:\Program Files\Inkscape;C:\Program Files\nodejs\;C:\Program Files (x86)\Heroku\ruby-2.1.7\bin;C:\Users\maria\AppData\Local\Programs\Python\Python35-32\Scripts\;C:\Users\maria\AppData\Local\Programs\Python\Python35-32\;C:\Users\maria\AppData\Local\.meteor\;C:\Users\maria\Downloads\potrace-1.13.win64\potrace-1.13.win64;C:\Users\maria\AppData\Roaming\npm;C:\Windows\Microsoft.NET\Framework\v4.0.30319\
10 verbose lifecycle github-original-streak@0.9.0~test: CWD: C:\Users\maria\Documents\GitHub\GithubOriginalStreak
11 silly lifecycle github-original-streak@0.9.0~test: Args: [ '/d /s /c', 'xo' ]
12 silly lifecycle github-original-streak@0.9.0~test: Returned: code: 1  signal: null
13 info lifecycle github-original-streak@0.9.0~test: Failed to exec test script
14 verbose stack Error: github-original-streak@0.9.0 test: `xo`
14 verbose stack Exit status 1
14 verbose stack     at EventEmitter.<anonymous> (C:\Program Files\nodejs\node_modules\npm\lib\utils\lifecycle.js:245:16)
14 verbose stack     at emitTwo (events.js:106:13)
14 verbose stack     at EventEmitter.emit (events.js:191:7)
14 verbose stack     at ChildProcess.<anonymous> (C:\Program Files\nodejs\node_modules\npm\lib\utils\spawn.js:24:14)
14 verbose stack     at emitTwo (events.js:106:13)
14 verbose stack     at ChildProcess.emit (events.js:191:7)
14 verbose stack     at maybeClose (internal/child_process.js:852:16)
14 verbose stack     at Process.ChildProcess._handle.onexit (internal/child_process.js:215:5)
15 verbose pkgid github-original-streak@0.9.0
16 verbose cwd C:\Users\maria\Documents\GitHub\GithubOriginalStreak
17 error Windows_NT 10.0.10586
18 error argv "C:\\Program Files\\nodejs\\node.exe" "C:\\Program Files\\nodejs\\node_modules\\npm\\bin\\npm-cli.js" "run" "test"
19 error node v6.2.1
20 error npm  v3.9.3
21 error code ELIFECYCLE
22 error github-original-streak@0.9.0 test: `xo`
22 error Exit status 1
23 error Failed at the github-original-streak@0.9.0 test script 'xo'.
23 error Make sure you have the latest version of node.js and npm installed.
23 error If you do, this is most likely a problem with the github-original-streak package,
23 error not with npm itself.
23 error Tell the author that this fails on your system:
23 error     xo
23 error You can get information on how to open an issue for this project with:
23 error     npm bugs github-original-streak
23 error Or if that isn't available, you can get their info via:
23 error     npm owner ls github-original-streak
23 error There is likely additional logging output above.
24 verbose exit [ 1, true ]
